
> social-developer-backend@1.0.0 dev
> nodemon src/server.js

[33m[nodemon] 3.1.9[39m
[33m[nodemon] to restart at any time, enter `rs`[39m
[33m[nodemon] watching path(s): *.*[39m
[33m[nodemon] watching extensions: js,mjs,cjs,json[39m
[32m[nodemon] starting `node src/server.js`[39m
Executing (default): SELECT 1+1 AS result
Database connection established successfully.
Executing (default): SELECT TABLE_NAME FROM INFORMATION_SCHEMA.TABLES WHERE TABLE_TYPE = 'BASE TABLE' AND TABLE_NAME = 'users' AND TABLE_SCHEMA = 'social_developer'
Executing (default): SHOW INDEX FROM `users`
Executing (default): SELECT TABLE_NAME FROM INFORMATION_SCHEMA.TABLES WHERE TABLE_TYPE = 'BASE TABLE' AND TABLE_NAME = 'orders' AND TABLE_SCHEMA = 'social_developer'
Executing (default): SHOW INDEX FROM `orders`
Executing (default): SELECT TABLE_NAME FROM INFORMATION_SCHEMA.TABLES WHERE TABLE_TYPE = 'BASE TABLE' AND TABLE_NAME = 'tasks' AND TABLE_SCHEMA = 'social_developer'
Executing (default): SHOW INDEX FROM `tasks`
Executing (default): SELECT TABLE_NAME FROM INFORMATION_SCHEMA.TABLES WHERE TABLE_TYPE = 'BASE TABLE' AND TABLE_NAME = 'transactions' AND TABLE_SCHEMA = 'social_developer'
Executing (default): SHOW INDEX FROM `transactions`
Executing (default): SELECT TABLE_NAME FROM INFORMATION_SCHEMA.TABLES WHERE TABLE_TYPE = 'BASE TABLE' AND TABLE_NAME = 'order_statistics' AND TABLE_SCHEMA = 'social_developer'
Executing (default): SHOW INDEX FROM `order_statistics`
Executing (default): SELECT TABLE_NAME FROM INFORMATION_SCHEMA.TABLES WHERE TABLE_TYPE = 'BASE TABLE' AND TABLE_NAME = 'instagram_accounts' AND TABLE_SCHEMA = 'social_developer'
Executing (default): SHOW INDEX FROM `instagram_accounts`
Executing (default): SELECT TABLE_NAME FROM INFORMATION_SCHEMA.TABLES WHERE TABLE_TYPE = 'BASE TABLE' AND TABLE_NAME = 'task_executions' AND TABLE_SCHEMA = 'social_developer'
Executing (default): SHOW INDEX FROM `task_executions`
Database tables recreated successfully.
Server running on port 3000
API Documentation available at http://localhost:3000/api-docs
Executing (default): SELECT `id`, `email`, `password`, `first_name` AS `firstName`, `last_name` AS `lastName`, `username`, `phone`, `balance`, `role`, `user_mode` AS `userMode`, `created_at` AS `createdAt`, `updated_at` AS `updatedAt` FROM `users` AS `User` WHERE `User`.`id` = '96887af4-1891-4872-ab1e-feed156b4bdb';
Executing (default): SELECT `id`, `email`, `password`, `first_name` AS `firstName`, `last_name` AS `lastName`, `username`, `phone`, `balance`, `role`, `user_mode` AS `userMode`, `created_at` AS `createdAt`, `updated_at` AS `updatedAt` FROM `users` AS `User` WHERE `User`.`id` = '96887af4-1891-4872-ab1e-feed156b4bdb';
Executing (default): SELECT `id`, `email`, `password`, `first_name` AS `firstName`, `last_name` AS `lastName`, `username`, `phone`, `balance`, `role`, `user_mode` AS `userMode`, `created_at` AS `createdAt`, `updated_at` AS `updatedAt` FROM `users` AS `User` WHERE `User`.`id` = '96887af4-1891-4872-ab1e-feed156b4bdb';
Executing (default): SELECT `id`, `email`, `password`, `first_name` AS `firstName`, `last_name` AS `lastName`, `username`, `phone`, `balance`, `role`, `user_mode` AS `userMode`, `created_at` AS `createdAt`, `updated_at` AS `updatedAt` FROM `users` AS `User` WHERE `User`.`id` = '96887af4-1891-4872-ab1e-feed156b4bdb';
Executing (default): SELECT `id`, `email`, `password`, `first_name` AS `firstName`, `last_name` AS `lastName`, `username`, `phone`, `balance`, `role`, `user_mode` AS `userMode`, `created_at` AS `createdAt`, `updated_at` AS `updatedAt` FROM `users` AS `User` WHERE `User`.`id` = '96887af4-1891-4872-ab1e-feed156b4bdb';
Executing (default): SELECT `id`, `email`, `password`, `first_name` AS `firstName`, `last_name` AS `lastName`, `username`, `phone`, `balance`, `role`, `user_mode` AS `userMode`, `created_at` AS `createdAt`, `updated_at` AS `updatedAt` FROM `users` AS `User` WHERE `User`.`id` = '96887af4-1891-4872-ab1e-feed156b4bdb';
Executing (default): SELECT `id`, `email`, `password`, `first_name` AS `firstName`, `last_name` AS `lastName`, `username`, `phone`, `balance`, `role`, `user_mode` AS `userMode`, `created_at` AS `createdAt`, `updated_at` AS `updatedAt` FROM `users` AS `User` WHERE `User`.`id` = '96887af4-1891-4872-ab1e-feed156b4bdb';
Executing (default): SELECT `id`, `email`, `password`, `first_name` AS `firstName`, `last_name` AS `lastName`, `username`, `phone`, `balance`, `role`, `user_mode` AS `userMode`, `created_at` AS `createdAt`, `updated_at` AS `updatedAt` FROM `users` AS `User` WHERE `User`.`id` = '96887af4-1891-4872-ab1e-feed156b4bdb';
Executing (default): SELECT `id`, `email`, `password`, `first_name` AS `firstName`, `last_name` AS `lastName`, `username`, `phone`, `balance`, `role`, `user_mode` AS `userMode`, `created_at` AS `createdAt`, `updated_at` AS `updatedAt` FROM `users` AS `User` WHERE `User`.`id` = '96887af4-1891-4872-ab1e-feed156b4bdb';
Executing (default): SELECT `id`, `email`, `password`, `first_name` AS `firstName`, `last_name` AS `lastName`, `username`, `phone`, `balance`, `role`, `user_mode` AS `userMode`, `created_at` AS `createdAt`, `updated_at` AS `updatedAt` FROM `users` AS `User` WHERE `User`.`id` = '96887af4-1891-4872-ab1e-feed156b4bdb';
Executing (default): SELECT `id`, `email`, `password`, `first_name` AS `firstName`, `last_name` AS `lastName`, `username`, `phone`, `balance`, `role`, `user_mode` AS `userMode`, `created_at` AS `createdAt`, `updated_at` AS `updatedAt` FROM `users` AS `User` WHERE `User`.`id` = '96887af4-1891-4872-ab1e-feed156b4bdb';
Executing (default): SELECT `id`, `email`, `password`, `first_name` AS `firstName`, `last_name` AS `lastName`, `username`, `phone`, `balance`, `role`, `user_mode` AS `userMode`, `created_at` AS `createdAt`, `updated_at` AS `updatedAt` FROM `users` AS `User` WHERE `User`.`id` = '96887af4-1891-4872-ab1e-feed156b4bdb';
Executing (default): SELECT `id`, `user_id` AS `userId`, `platform`, `timeframe`, `active_orders` AS `activeOrders`, `completed_orders` AS `completedOrders`, `total_orders` AS `totalOrders`, `total_spent` AS `totalSpent`, `active_orders_growth` AS `activeOrdersGrowth`, `completed_orders_growth` AS `completedOrdersGrowth`, `total_orders_growth` AS `totalOrdersGrowth`, `total_spent_growth` AS `totalSpentGrowth`, `last_calculated_at` AS `lastCalculatedAt`, `created_at` AS `createdAt`, `updated_at` AS `updatedAt` FROM `order_statistics` AS `OrderStatistics` WHERE `OrderStatistics`.`platform` = 'youtube' AND `OrderStatistics`.`timeframe` = '30d' AND `OrderStatistics`.`user_id` = '96887af4-1891-4872-ab1e-feed156b4bdb' LIMIT 1;
Executing (default): SELECT `id`, `user_id` AS `userId`, `platform`, `timeframe`, `active_orders` AS `activeOrders`, `completed_orders` AS `completedOrders`, `total_orders` AS `totalOrders`, `total_spent` AS `totalSpent`, `active_orders_growth` AS `activeOrdersGrowth`, `completed_orders_growth` AS `completedOrdersGrowth`, `total_orders_growth` AS `totalOrdersGrowth`, `total_spent_growth` AS `totalSpentGrowth`, `last_calculated_at` AS `lastCalculatedAt`, `created_at` AS `createdAt`, `updated_at` AS `updatedAt` FROM `order_statistics` AS `OrderStatistics` WHERE `OrderStatistics`.`platform` = 'instagram' AND `OrderStatistics`.`timeframe` = '30d' AND `OrderStatistics`.`user_id` = '96887af4-1891-4872-ab1e-feed156b4bdb' LIMIT 1;
Executing (default): SELECT `id`, `email`, `password`, `first_name` AS `firstName`, `last_name` AS `lastName`, `username`, `phone`, `balance`, `role`, `user_mode` AS `userMode`, `created_at` AS `createdAt`, `updated_at` AS `updatedAt` FROM `users` AS `User` WHERE `User`.`id` = '96887af4-1891-4872-ab1e-feed156b4bdb';
Executing (default): SELECT COUNT(`id`) AS `total_orders`, SUM(`amount`) AS `total_spent`, SUM(CASE WHEN status = 'completed' THEN 1 ELSE 0 END) AS `completed_orders`, SUM(CASE WHEN status IN ('pending', 'processing') THEN 1 ELSE 0 END) AS `active_orders` FROM `orders` AS `Order` WHERE `Order`.`platform` = 'youtube' AND `Order`.`user_id` = '96887af4-1891-4872-ab1e-feed156b4bdb' AND `Order`.`created_at` BETWEEN '2025-08-06 22:36:40' AND '2025-09-05 22:36:40';
Executing (default): SELECT COUNT(`id`) AS `total_orders`, SUM(`amount`) AS `total_spent`, SUM(CASE WHEN status = 'completed' THEN 1 ELSE 0 END) AS `completed_orders`, SUM(CASE WHEN status IN ('pending', 'processing') THEN 1 ELSE 0 END) AS `active_orders` FROM `orders` AS `Order` WHERE `Order`.`platform` = 'instagram' AND `Order`.`user_id` = '96887af4-1891-4872-ab1e-feed156b4bdb' AND `Order`.`created_at` BETWEEN '2025-08-06 22:36:40' AND '2025-09-05 22:36:40';
Executing (default): SELECT `id`, `email`, `password`, `first_name` AS `firstName`, `last_name` AS `lastName`, `username`, `phone`, `balance`, `role`, `user_mode` AS `userMode`, `created_at` AS `createdAt`, `updated_at` AS `updatedAt` FROM `users` AS `User` WHERE `User`.`id` = '96887af4-1891-4872-ab1e-feed156b4bdb';
Executing (default): SELECT `id`, `email`, `password`, `first_name` AS `firstName`, `last_name` AS `lastName`, `username`, `phone`, `balance`, `role`, `user_mode` AS `userMode`, `created_at` AS `createdAt`, `updated_at` AS `updatedAt` FROM `users` AS `User` WHERE `User`.`id` = '96887af4-1891-4872-ab1e-feed156b4bdb';
Executing (default): SELECT COUNT(`id`) AS `total_orders`, SUM(`amount`) AS `total_spent`, SUM(CASE WHEN status = 'completed' THEN 1 ELSE 0 END) AS `completed_orders`, SUM(CASE WHEN status IN ('pending', 'processing') THEN 1 ELSE 0 END) AS `active_orders` FROM `orders` AS `Order` WHERE `Order`.`platform` = 'youtube' AND `Order`.`user_id` = '96887af4-1891-4872-ab1e-feed156b4bdb' AND `Order`.`created_at` BETWEEN '2025-07-07 22:36:40' AND '2025-08-06 22:36:40';
Executing (default): SELECT COUNT(`id`) AS `total_orders`, SUM(`amount`) AS `total_spent`, SUM(CASE WHEN status = 'completed' THEN 1 ELSE 0 END) AS `completed_orders`, SUM(CASE WHEN status IN ('pending', 'processing') THEN 1 ELSE 0 END) AS `active_orders` FROM `orders` AS `Order` WHERE `Order`.`platform` = 'instagram' AND `Order`.`user_id` = '96887af4-1891-4872-ab1e-feed156b4bdb' AND `Order`.`created_at` BETWEEN '2025-07-07 22:36:40' AND '2025-08-06 22:36:40';
Executing (default): SELECT `id`, `user_id` AS `userId`, `platform`, `timeframe`, `active_orders` AS `activeOrders`, `completed_orders` AS `completedOrders`, `total_orders` AS `totalOrders`, `total_spent` AS `totalSpent`, `active_orders_growth` AS `activeOrdersGrowth`, `completed_orders_growth` AS `completedOrdersGrowth`, `total_orders_growth` AS `totalOrdersGrowth`, `total_spent_growth` AS `totalSpentGrowth`, `last_calculated_at` AS `lastCalculatedAt`, `created_at` AS `createdAt`, `updated_at` AS `updatedAt` FROM `order_statistics` AS `OrderStatistics` WHERE `OrderStatistics`.`platform` = 'instagram' AND `OrderStatistics`.`timeframe` = '30d' AND `OrderStatistics`.`user_id` = '96887af4-1891-4872-ab1e-feed156b4bdb' LIMIT 1;
Executing (default): SELECT `id`, `email`, `password`, `first_name` AS `firstName`, `last_name` AS `lastName`, `username`, `phone`, `balance`, `role`, `user_mode` AS `userMode`, `created_at` AS `createdAt`, `updated_at` AS `updatedAt` FROM `users` AS `User` WHERE `User`.`id` = '96887af4-1891-4872-ab1e-feed156b4bdb';
Executing (5ca82c86-8618-4b75-9245-ccb48e8941c1): START TRANSACTION;
Executing (5ca82c86-8618-4b75-9245-ccb48e8941c1): SELECT `id`, `user_id` AS `userId`, `platform`, `timeframe`, `active_orders` AS `activeOrders`, `completed_orders` AS `completedOrders`, `total_orders` AS `totalOrders`, `total_spent` AS `totalSpent`, `active_orders_growth` AS `activeOrdersGrowth`, `completed_orders_growth` AS `completedOrdersGrowth`, `total_orders_growth` AS `totalOrdersGrowth`, `total_spent_growth` AS `totalSpentGrowth`, `last_calculated_at` AS `lastCalculatedAt`, `created_at` AS `createdAt`, `updated_at` AS `updatedAt` FROM `order_statistics` AS `OrderStatistics` WHERE `OrderStatistics`.`platform` = 'youtube' AND `OrderStatistics`.`timeframe` = '30d' AND `OrderStatistics`.`user_id` = '96887af4-1891-4872-ab1e-feed156b4bdb' LIMIT 1;
Executing (8370d3af-2411-47f3-9fdc-8cf668b1cc72): START TRANSACTION;
Executing (default): SELECT COUNT(`id`) AS `total_orders`, SUM(`amount`) AS `total_spent`, SUM(CASE WHEN status = 'completed' THEN 1 ELSE 0 END) AS `completed_orders`, SUM(CASE WHEN status IN ('pending', 'processing') THEN 1 ELSE 0 END) AS `active_orders` FROM `orders` AS `Order` WHERE `Order`.`platform` = 'instagram' AND `Order`.`user_id` = '96887af4-1891-4872-ab1e-feed156b4bdb' AND `Order`.`created_at` BETWEEN '2025-08-06 22:36:40' AND '2025-09-05 22:36:40';
Executing (default): SELECT `id`, `user_id` AS `userId`, `platform`, `timeframe`, `active_orders` AS `activeOrders`, `completed_orders` AS `completedOrders`, `total_orders` AS `totalOrders`, `total_spent` AS `totalSpent`, `active_orders_growth` AS `activeOrdersGrowth`, `completed_orders_growth` AS `completedOrdersGrowth`, `total_orders_growth` AS `totalOrdersGrowth`, `total_spent_growth` AS `totalSpentGrowth`, `last_calculated_at` AS `lastCalculatedAt`, `created_at` AS `createdAt`, `updated_at` AS `updatedAt` FROM `order_statistics` AS `OrderStatistics` WHERE `OrderStatistics`.`platform` = 'youtube' AND `OrderStatistics`.`timeframe` = '30d' AND `OrderStatistics`.`user_id` = '96887af4-1891-4872-ab1e-feed156b4bdb' LIMIT 1;
Executing (5ca82c86-8618-4b75-9245-ccb48e8941c1): COMMIT;
Executing (8370d3af-2411-47f3-9fdc-8cf668b1cc72): SELECT `id`, `user_id` AS `userId`, `platform`, `timeframe`, `active_orders` AS `activeOrders`, `completed_orders` AS `completedOrders`, `total_orders` AS `totalOrders`, `total_spent` AS `totalSpent`, `active_orders_growth` AS `activeOrdersGrowth`, `completed_orders_growth` AS `completedOrdersGrowth`, `total_orders_growth` AS `totalOrdersGrowth`, `total_spent_growth` AS `totalSpentGrowth`, `last_calculated_at` AS `lastCalculatedAt`, `created_at` AS `createdAt`, `updated_at` AS `updatedAt` FROM `order_statistics` AS `OrderStatistics` WHERE `OrderStatistics`.`platform` = 'instagram' AND `OrderStatistics`.`timeframe` = '30d' AND `OrderStatistics`.`user_id` = '96887af4-1891-4872-ab1e-feed156b4bdb' LIMIT 1;
Executing (default): UPDATE `order_statistics` SET `total_spent`=?,`last_calculated_at`=?,`updated_at`=? WHERE `id` = ?
Executing (default): SELECT COUNT(`id`) AS `total_orders`, SUM(`amount`) AS `total_spent`, SUM(CASE WHEN status = 'completed' THEN 1 ELSE 0 END) AS `completed_orders`, SUM(CASE WHEN status IN ('pending', 'processing') THEN 1 ELSE 0 END) AS `active_orders` FROM `orders` AS `Order` WHERE `Order`.`platform` = 'instagram' AND `Order`.`user_id` = '96887af4-1891-4872-ab1e-feed156b4bdb' AND `Order`.`created_at` BETWEEN '2025-07-07 22:36:40' AND '2025-08-06 22:36:40';
Executing (default): SELECT COUNT(`id`) AS `total_orders`, SUM(`amount`) AS `total_spent`, SUM(CASE WHEN status = 'completed' THEN 1 ELSE 0 END) AS `completed_orders`, SUM(CASE WHEN status IN ('pending', 'processing') THEN 1 ELSE 0 END) AS `active_orders` FROM `orders` AS `Order` WHERE `Order`.`platform` = 'youtube' AND `Order`.`user_id` = '96887af4-1891-4872-ab1e-feed156b4bdb' AND `Order`.`created_at` BETWEEN '2025-08-06 22:36:40' AND '2025-09-05 22:36:40';
Executing (e58a0972-e7d9-4a9f-aaa1-2f6a38c53cf9): START TRANSACTION;
Executing (8370d3af-2411-47f3-9fdc-8cf668b1cc72): COMMIT;
Executing (e58a0972-e7d9-4a9f-aaa1-2f6a38c53cf9): SELECT `id`, `user_id` AS `userId`, `platform`, `timeframe`, `active_orders` AS `activeOrders`, `completed_orders` AS `completedOrders`, `total_orders` AS `totalOrders`, `total_spent` AS `totalSpent`, `active_orders_growth` AS `activeOrdersGrowth`, `completed_orders_growth` AS `completedOrdersGrowth`, `total_orders_growth` AS `totalOrdersGrowth`, `total_spent_growth` AS `totalSpentGrowth`, `last_calculated_at` AS `lastCalculatedAt`, `created_at` AS `createdAt`, `updated_at` AS `updatedAt` FROM `order_statistics` AS `OrderStatistics` WHERE `OrderStatistics`.`platform` = 'instagram' AND `OrderStatistics`.`timeframe` = '30d' AND `OrderStatistics`.`user_id` = '96887af4-1891-4872-ab1e-feed156b4bdb' LIMIT 1;
Executing (default): SELECT COUNT(`id`) AS `total_orders`, SUM(`amount`) AS `total_spent`, SUM(CASE WHEN status = 'completed' THEN 1 ELSE 0 END) AS `completed_orders`, SUM(CASE WHEN status IN ('pending', 'processing') THEN 1 ELSE 0 END) AS `active_orders` FROM `orders` AS `Order` WHERE `Order`.`platform` = 'youtube' AND `Order`.`user_id` = '96887af4-1891-4872-ab1e-feed156b4bdb' AND `Order`.`created_at` BETWEEN '2025-07-07 22:36:40' AND '2025-08-06 22:36:40';
Executing (default): UPDATE `order_statistics` SET `total_spent`=?,`last_calculated_at`=?,`updated_at`=? WHERE `id` = ?
Executing (d7d445c0-5578-4aa5-8d30-308c7dc38668): START TRANSACTION;
Executing (e58a0972-e7d9-4a9f-aaa1-2f6a38c53cf9): COMMIT;
Executing (d7d445c0-5578-4aa5-8d30-308c7dc38668): SELECT `id`, `user_id` AS `userId`, `platform`, `timeframe`, `active_orders` AS `activeOrders`, `completed_orders` AS `completedOrders`, `total_orders` AS `totalOrders`, `total_spent` AS `totalSpent`, `active_orders_growth` AS `activeOrdersGrowth`, `completed_orders_growth` AS `completedOrdersGrowth`, `total_orders_growth` AS `totalOrdersGrowth`, `total_spent_growth` AS `totalSpentGrowth`, `last_calculated_at` AS `lastCalculatedAt`, `created_at` AS `createdAt`, `updated_at` AS `updatedAt` FROM `order_statistics` AS `OrderStatistics` WHERE `OrderStatistics`.`platform` = 'youtube' AND `OrderStatistics`.`timeframe` = '30d' AND `OrderStatistics`.`user_id` = '96887af4-1891-4872-ab1e-feed156b4bdb' LIMIT 1;
Executing (default): UPDATE `order_statistics` SET `total_spent`=?,`last_calculated_at`=?,`updated_at`=? WHERE `id` = ?
Executing (d7d445c0-5578-4aa5-8d30-308c7dc38668): COMMIT;
Executing (default): UPDATE `order_statistics` SET `total_spent`=?,`last_calculated_at`=?,`updated_at`=? WHERE `id` = ?
Executing (default): SELECT `id`, `email`, `password`, `first_name` AS `firstName`, `last_name` AS `lastName`, `username`, `phone`, `balance`, `role`, `user_mode` AS `userMode`, `created_at` AS `createdAt`, `updated_at` AS `updatedAt` FROM `users` AS `User` WHERE `User`.`id` = '96887af4-1891-4872-ab1e-feed156b4bdb';
Executing (default): SELECT `id`, `email`, `password`, `first_name` AS `firstName`, `last_name` AS `lastName`, `username`, `phone`, `balance`, `role`, `user_mode` AS `userMode`, `created_at` AS `createdAt`, `updated_at` AS `updatedAt` FROM `users` AS `User` WHERE `User`.`id` = '96887af4-1891-4872-ab1e-feed156b4bdb';
Executing (default): SELECT `id`, `email`, `password`, `first_name` AS `firstName`, `last_name` AS `lastName`, `username`, `phone`, `balance`, `role`, `user_mode` AS `userMode`, `created_at` AS `createdAt`, `updated_at` AS `updatedAt` FROM `users` AS `User` WHERE `User`.`id` = '96887af4-1891-4872-ab1e-feed156b4bdb';
Executing (default): SELECT `id`, `email`, `password`, `first_name` AS `firstName`, `last_name` AS `lastName`, `username`, `phone`, `balance`, `role`, `user_mode` AS `userMode`, `created_at` AS `createdAt`, `updated_at` AS `updatedAt` FROM `users` AS `User` WHERE `User`.`id` = '96887af4-1891-4872-ab1e-feed156b4bdb';
Executing (default): SELECT `id`, `email`, `password`, `first_name` AS `firstName`, `last_name` AS `lastName`, `username`, `phone`, `balance`, `role`, `user_mode` AS `userMode`, `created_at` AS `createdAt`, `updated_at` AS `updatedAt` FROM `users` AS `User` WHERE `User`.`id` = '96887af4-1891-4872-ab1e-feed156b4bdb';
Executing (default): SELECT `id`, `email`, `password`, `first_name` AS `firstName`, `last_name` AS `lastName`, `username`, `phone`, `balance`, `role`, `user_mode` AS `userMode`, `created_at` AS `createdAt`, `updated_at` AS `updatedAt` FROM `users` AS `User` WHERE `User`.`id` = '96887af4-1891-4872-ab1e-feed156b4bdb';
Executing (default): SELECT `id`, `email`, `password`, `first_name` AS `firstName`, `last_name` AS `lastName`, `username`, `phone`, `balance`, `role`, `user_mode` AS `userMode`, `created_at` AS `createdAt`, `updated_at` AS `updatedAt` FROM `users` AS `User` WHERE `User`.`id` = '96887af4-1891-4872-ab1e-feed156b4bdb';
Executing (default): SELECT `id`, `email`, `password`, `first_name` AS `firstName`, `last_name` AS `lastName`, `username`, `phone`, `balance`, `role`, `user_mode` AS `userMode`, `created_at` AS `createdAt`, `updated_at` AS `updatedAt` FROM `users` AS `User` WHERE `User`.`id` = '96887af4-1891-4872-ab1e-feed156b4bdb';
Executing (default): SELECT `id`, `email`, `password`, `first_name` AS `firstName`, `last_name` AS `lastName`, `username`, `phone`, `balance`, `role`, `user_mode` AS `userMode`, `created_at` AS `createdAt`, `updated_at` AS `updatedAt` FROM `users` AS `User` WHERE `User`.`id` = '96887af4-1891-4872-ab1e-feed156b4bdb';
Executing (default): SELECT `id`, `email`, `password`, `first_name` AS `firstName`, `last_name` AS `lastName`, `username`, `phone`, `balance`, `role`, `user_mode` AS `userMode`, `created_at` AS `createdAt`, `updated_at` AS `updatedAt` FROM `users` AS `User` WHERE `User`.`id` = '96887af4-1891-4872-ab1e-feed156b4bdb';
Executing (default): SELECT `id`, `email`, `password`, `first_name` AS `firstName`, `last_name` AS `lastName`, `username`, `phone`, `balance`, `role`, `user_mode` AS `userMode`, `created_at` AS `createdAt`, `updated_at` AS `updatedAt` FROM `users` AS `User` WHERE `User`.`id` = '96887af4-1891-4872-ab1e-feed156b4bdb';
Executing (default): SELECT `id`, `email`, `password`, `first_name` AS `firstName`, `last_name` AS `lastName`, `username`, `phone`, `balance`, `role`, `user_mode` AS `userMode`, `created_at` AS `createdAt`, `updated_at` AS `updatedAt` FROM `users` AS `User` WHERE `User`.`id` = '96887af4-1891-4872-ab1e-feed156b4bdb';
Executing (default): SELECT `id`, `user_id` AS `userId`, `platform`, `timeframe`, `active_orders` AS `activeOrders`, `completed_orders` AS `completedOrders`, `total_orders` AS `totalOrders`, `total_spent` AS `totalSpent`, `active_orders_growth` AS `activeOrdersGrowth`, `completed_orders_growth` AS `completedOrdersGrowth`, `total_orders_growth` AS `totalOrdersGrowth`, `total_spent_growth` AS `totalSpentGrowth`, `last_calculated_at` AS `lastCalculatedAt`, `created_at` AS `createdAt`, `updated_at` AS `updatedAt` FROM `order_statistics` AS `OrderStatistics` WHERE `OrderStatistics`.`platform` = 'instagram' AND `OrderStatistics`.`timeframe` = '30d' AND `OrderStatistics`.`user_id` = '96887af4-1891-4872-ab1e-feed156b4bdb' LIMIT 1;
Executing (default): SELECT `id`, `user_id` AS `userId`, `platform`, `timeframe`, `active_orders` AS `activeOrders`, `completed_orders` AS `completedOrders`, `total_orders` AS `totalOrders`, `total_spent` AS `totalSpent`, `active_orders_growth` AS `activeOrdersGrowth`, `completed_orders_growth` AS `completedOrdersGrowth`, `total_orders_growth` AS `totalOrdersGrowth`, `total_spent_growth` AS `totalSpentGrowth`, `last_calculated_at` AS `lastCalculatedAt`, `created_at` AS `createdAt`, `updated_at` AS `updatedAt` FROM `order_statistics` AS `OrderStatistics` WHERE `OrderStatistics`.`platform` = 'youtube' AND `OrderStatistics`.`timeframe` = '30d' AND `OrderStatistics`.`user_id` = '96887af4-1891-4872-ab1e-feed156b4bdb' LIMIT 1;
Executing (default): SELECT `id`, `user_id` AS `userId`, `platform`, `timeframe`, `active_orders` AS `activeOrders`, `completed_orders` AS `completedOrders`, `total_orders` AS `totalOrders`, `total_spent` AS `totalSpent`, `active_orders_growth` AS `activeOrdersGrowth`, `completed_orders_growth` AS `completedOrdersGrowth`, `total_orders_growth` AS `totalOrdersGrowth`, `total_spent_growth` AS `totalSpentGrowth`, `last_calculated_at` AS `lastCalculatedAt`, `created_at` AS `createdAt`, `updated_at` AS `updatedAt` FROM `order_statistics` AS `OrderStatistics` WHERE `OrderStatistics`.`platform` = 'instagram' AND `OrderStatistics`.`timeframe` = '30d' AND `OrderStatistics`.`user_id` = '96887af4-1891-4872-ab1e-feed156b4bdb' LIMIT 1;
Executing (default): SELECT `id`, `email`, `password`, `first_name` AS `firstName`, `last_name` AS `lastName`, `username`, `phone`, `balance`, `role`, `user_mode` AS `userMode`, `created_at` AS `createdAt`, `updated_at` AS `updatedAt` FROM `users` AS `User` WHERE `User`.`id` = '96887af4-1891-4872-ab1e-feed156b4bdb';
Executing (default): SELECT `id`, `user_id` AS `userId`, `platform`, `timeframe`, `active_orders` AS `activeOrders`, `completed_orders` AS `completedOrders`, `total_orders` AS `totalOrders`, `total_spent` AS `totalSpent`, `active_orders_growth` AS `activeOrdersGrowth`, `completed_orders_growth` AS `completedOrdersGrowth`, `total_orders_growth` AS `totalOrdersGrowth`, `total_spent_growth` AS `totalSpentGrowth`, `last_calculated_at` AS `lastCalculatedAt`, `created_at` AS `createdAt`, `updated_at` AS `updatedAt` FROM `order_statistics` AS `OrderStatistics` WHERE `OrderStatistics`.`platform` = 'youtube' AND `OrderStatistics`.`timeframe` = '30d' AND `OrderStatistics`.`user_id` = '96887af4-1891-4872-ab1e-feed156b4bdb' LIMIT 1;
Executing (default): SELECT `id`, `email`, `password`, `first_name` AS `firstName`, `last_name` AS `lastName`, `username`, `phone`, `balance`, `role`, `user_mode` AS `userMode`, `created_at` AS `createdAt`, `updated_at` AS `updatedAt` FROM `users` AS `User` WHERE `User`.`id` = '96887af4-1891-4872-ab1e-feed156b4bdb';
Executing (default): SELECT `id`, `email`, `password`, `first_name` AS `firstName`, `last_name` AS `lastName`, `username`, `phone`, `balance`, `role`, `user_mode` AS `userMode`, `created_at` AS `createdAt`, `updated_at` AS `updatedAt` FROM `users` AS `User` WHERE `User`.`id` = '96887af4-1891-4872-ab1e-feed156b4bdb';
Executing (default): SELECT `id`, `email`, `password`, `first_name` AS `firstName`, `last_name` AS `lastName`, `username`, `phone`, `balance`, `role`, `user_mode` AS `userMode`, `created_at` AS `createdAt`, `updated_at` AS `updatedAt` FROM `users` AS `User` WHERE `User`.`id` = '96887af4-1891-4872-ab1e-feed156b4bdb';
Executing (default): SELECT `id`, `email`, `password`, `first_name` AS `firstName`, `last_name` AS `lastName`, `username`, `phone`, `balance`, `role`, `user_mode` AS `userMode`, `created_at` AS `createdAt`, `updated_at` AS `updatedAt` FROM `users` AS `User` WHERE `User`.`id` = '96887af4-1891-4872-ab1e-feed156b4bdb';
Executing (default): SELECT `id`, `email`, `password`, `first_name` AS `firstName`, `last_name` AS `lastName`, `username`, `phone`, `balance`, `role`, `user_mode` AS `userMode`, `created_at` AS `createdAt`, `updated_at` AS `updatedAt` FROM `users` AS `User` WHERE `User`.`id` = '96887af4-1891-4872-ab1e-feed156b4bdb';
Executing (default): SELECT `id`, `email`, `password`, `first_name` AS `firstName`, `last_name` AS `lastName`, `username`, `phone`, `balance`, `role`, `user_mode` AS `userMode`, `created_at` AS `createdAt`, `updated_at` AS `updatedAt` FROM `users` AS `User` WHERE `User`.`id` = '96887af4-1891-4872-ab1e-feed156b4bdb';
Executing (default): SELECT `id`, `email`, `password`, `first_name` AS `firstName`, `last_name` AS `lastName`, `username`, `phone`, `balance`, `role`, `user_mode` AS `userMode`, `created_at` AS `createdAt`, `updated_at` AS `updatedAt` FROM `users` AS `User` WHERE `User`.`id` = '96887af4-1891-4872-ab1e-feed156b4bdb';
Executing (default): SELECT `id`, `email`, `password`, `first_name` AS `firstName`, `last_name` AS `lastName`, `username`, `phone`, `balance`, `role`, `user_mode` AS `userMode`, `created_at` AS `createdAt`, `updated_at` AS `updatedAt` FROM `users` AS `User` WHERE `User`.`id` = '96887af4-1891-4872-ab1e-feed156b4bdb';
Executing (default): SELECT `id`, `email`, `password`, `first_name` AS `firstName`, `last_name` AS `lastName`, `username`, `phone`, `balance`, `role`, `user_mode` AS `userMode`, `created_at` AS `createdAt`, `updated_at` AS `updatedAt` FROM `users` AS `User` WHERE `User`.`id` = '96887af4-1891-4872-ab1e-feed156b4bdb';
Executing (default): SELECT `id`, `email`, `password`, `first_name` AS `firstName`, `last_name` AS `lastName`, `username`, `phone`, `balance`, `role`, `user_mode` AS `userMode`, `created_at` AS `createdAt`, `updated_at` AS `updatedAt` FROM `users` AS `User` WHERE `User`.`id` = '96887af4-1891-4872-ab1e-feed156b4bdb';
Executing (default): SELECT `id`, `email`, `password`, `first_name` AS `firstName`, `last_name` AS `lastName`, `username`, `phone`, `balance`, `role`, `user_mode` AS `userMode`, `created_at` AS `createdAt`, `updated_at` AS `updatedAt` FROM `users` AS `User` WHERE `User`.`id` = '96887af4-1891-4872-ab1e-feed156b4bdb';
Executing (default): SELECT `id`, `email`, `password`, `first_name` AS `firstName`, `last_name` AS `lastName`, `username`, `phone`, `balance`, `role`, `user_mode` AS `userMode`, `created_at` AS `createdAt`, `updated_at` AS `updatedAt` FROM `users` AS `User` WHERE `User`.`id` = '96887af4-1891-4872-ab1e-feed156b4bdb';
Executing (default): SELECT `id`, `email`, `password`, `first_name` AS `firstName`, `last_name` AS `lastName`, `username`, `phone`, `balance`, `role`, `user_mode` AS `userMode`, `created_at` AS `createdAt`, `updated_at` AS `updatedAt` FROM `users` AS `User` WHERE `User`.`id` = '96887af4-1891-4872-ab1e-feed156b4bdb';
Executing (default): SELECT `id`, `email`, `password`, `first_name` AS `firstName`, `last_name` AS `lastName`, `username`, `phone`, `balance`, `role`, `user_mode` AS `userMode`, `created_at` AS `createdAt`, `updated_at` AS `updatedAt` FROM `users` AS `User` WHERE `User`.`id` = '96887af4-1891-4872-ab1e-feed156b4bdb';
Executing (default): SELECT `id`, `email`, `password`, `first_name` AS `firstName`, `last_name` AS `lastName`, `username`, `phone`, `balance`, `role`, `user_mode` AS `userMode`, `created_at` AS `createdAt`, `updated_at` AS `updatedAt` FROM `users` AS `User` WHERE `User`.`id` = '96887af4-1891-4872-ab1e-feed156b4bdb';
Executing (default): SELECT `id`, `email`, `password`, `first_name` AS `firstName`, `last_name` AS `lastName`, `username`, `phone`, `balance`, `role`, `user_mode` AS `userMode`, `created_at` AS `createdAt`, `updated_at` AS `updatedAt` FROM `users` AS `User` WHERE `User`.`id` = '96887af4-1891-4872-ab1e-feed156b4bdb';
Executing (default): SELECT `id`, `email`, `password`, `first_name` AS `firstName`, `last_name` AS `lastName`, `username`, `phone`, `balance`, `role`, `user_mode` AS `userMode`, `created_at` AS `createdAt`, `updated_at` AS `updatedAt` FROM `users` AS `User` WHERE `User`.`id` = '96887af4-1891-4872-ab1e-feed156b4bdb';
Executing (default): SELECT `id`, `email`, `password`, `first_name` AS `firstName`, `last_name` AS `lastName`, `username`, `phone`, `balance`, `role`, `user_mode` AS `userMode`, `created_at` AS `createdAt`, `updated_at` AS `updatedAt` FROM `users` AS `User` WHERE `User`.`id` = '96887af4-1891-4872-ab1e-feed156b4bdb';
Executing (default): SELECT `id`, `email`, `password`, `first_name` AS `firstName`, `last_name` AS `lastName`, `username`, `phone`, `balance`, `role`, `user_mode` AS `userMode`, `created_at` AS `createdAt`, `updated_at` AS `updatedAt` FROM `users` AS `User` WHERE `User`.`id` = '96887af4-1891-4872-ab1e-feed156b4bdb';
Executing (default): SELECT `id`, `email`, `password`, `first_name` AS `firstName`, `last_name` AS `lastName`, `username`, `phone`, `balance`, `role`, `user_mode` AS `userMode`, `created_at` AS `createdAt`, `updated_at` AS `updatedAt` FROM `users` AS `User` WHERE `User`.`id` = '96887af4-1891-4872-ab1e-feed156b4bdb';
Executing (default): SELECT `id`, `email`, `password`, `first_name` AS `firstName`, `last_name` AS `lastName`, `username`, `phone`, `balance`, `role`, `user_mode` AS `userMode`, `created_at` AS `createdAt`, `updated_at` AS `updatedAt` FROM `users` AS `User` WHERE `User`.`id` = '96887af4-1891-4872-ab1e-feed156b4bdb';
Executing (default): SELECT `id`, `email`, `password`, `first_name` AS `firstName`, `last_name` AS `lastName`, `username`, `phone`, `balance`, `role`, `user_mode` AS `userMode`, `created_at` AS `createdAt`, `updated_at` AS `updatedAt` FROM `users` AS `User` WHERE `User`.`id` = '96887af4-1891-4872-ab1e-feed156b4bdb';
Executing (default): SELECT `id`, `email`, `password`, `first_name` AS `firstName`, `last_name` AS `lastName`, `username`, `phone`, `balance`, `role`, `user_mode` AS `userMode`, `created_at` AS `createdAt`, `updated_at` AS `updatedAt` FROM `users` AS `User` WHERE `User`.`id` = '96887af4-1891-4872-ab1e-feed156b4bdb';
Executing (default): SELECT `id`, `email`, `password`, `first_name` AS `firstName`, `last_name` AS `lastName`, `username`, `phone`, `balance`, `role`, `user_mode` AS `userMode`, `created_at` AS `createdAt`, `updated_at` AS `updatedAt` FROM `users` AS `User` WHERE `User`.`id` = '96887af4-1891-4872-ab1e-feed156b4bdb';
